<?xml version="1.0" encoding="UTF-8"?>
<testsuite name="JUnit Vintage" tests="0" skipped="0" failures="0" errors="0" time="0.002" hostname="jmoore-N170RF1" timestamp="2018-10-07T20:32:03">
<properties>
<property name="awt.toolkit" value="sun.awt.X11.XToolkit"/>
<property name="file.encoding" value="UTF-8"/>
<property name="file.encoding.pkg" value="sun.io"/>
<property name="file.separator" value="/"/>
<property name="java.awt.graphicsenv" value="sun.awt.X11GraphicsEnvironment"/>
<property name="java.awt.printerjob" value="sun.print.PSPrinterJob"/>
<property name="java.class.path" value="/home/jmoore/projects/safety-monitoring/build/classes/java/test:/home/jmoore/projects/safety-monitoring/build/resources/test:/home/jmoore/projects/safety-monitoring/build/classes/java/main:/home/jmoore/projects/safety-monitoring/build/resources/main:/home/jmoore/.gradle/caches/modules-2/files-2.1/joda-time/joda-time/2.2/a5f29a7acaddea3f4af307e8cf2d0cc82645fd7d/joda-time-2.2.jar:/home/jmoore/.gradle/caches/modules-2/files-2.1/org.slf4j/slf4j-api/1.7.24/3f6b4bd4f8dbe8d4bea06d107a3826469b85c3e9/slf4j-api-1.7.24.jar:/home/jmoore/.gradle/caches/modules-2/files-2.1/org.junit.vintage/junit-vintage-engine/5.1.0/a752dd045d08753ac77622dc83b584dc5abda1e1/junit-vintage-engine-5.1.0.jar:/home/jmoore/.gradle/caches/modules-2/files-2.1/org.junit.platform/junit-platform-runner/1.1.0/d47029ff19c88cdf86324f29e70c6b26adad6c8b/junit-platform-runner-1.1.0.jar:/home/jmoore/.gradle/caches/modules-2/files-2.1/junit/junit/4.12/2973d150c0dc1fefe998f834810d68f278ea58ec/junit-4.12.jar:/home/jmoore/.gradle/caches/modules-2/files-2.1/org.junit.jupiter/junit-jupiter-engine/5.1.0/c54b96b465bb5b49c7708d734a4180dd95422754/junit-jupiter-engine-5.1.0.jar:/home/jmoore/.gradle/caches/modules-2/files-2.1/org.junit.jupiter/junit-jupiter-api/5.1.0/370218fbc7ce9cf0600c4b5db400bccdf0c01a48/junit-jupiter-api-5.1.0.jar:/home/jmoore/.gradle/caches/modules-2/files-2.1/org.mockito/mockito-core/2.23.0/497ddb32fd5d01f9dbe99a2ec790aeb931dff1b1/mockito-core-2.23.0.jar:/home/jmoore/.gradle/caches/modules-2/files-2.1/org.hamcrest/hamcrest-all/1.3/63a21ebc981131004ad02e0434e799fd7f3a8d5a/hamcrest-all-1.3.jar:/home/jmoore/.gradle/caches/modules-2/files-2.1/org.junit.platform/junit-platform-launcher/1.1.0/ba098edde4e59cacd9225e238ea3ad9c946684ab/junit-platform-launcher-1.1.0.jar:/home/jmoore/.gradle/caches/modules-2/files-2.1/org.hamcrest/hamcrest-core/1.3/42a25dc3219429f0e5d060061f71acb49bf010a0/hamcrest-core-1.3.jar:/home/jmoore/.gradle/caches/modules-2/files-2.1/org.junit.platform/junit-platform-engine/1.1.0/2596bd4d909e7ea8d029272db4338075445d731b/junit-platform-engine-1.1.0.jar:/home/jmoore/.gradle/caches/modules-2/files-2.1/org.junit.platform/junit-platform-suite-api/1.1.0/ed577e96850aec4a2e610b26b7a09fafb17faef7/junit-platform-suite-api-1.1.0.jar:/home/jmoore/.gradle/caches/modules-2/files-2.1/org.junit.platform/junit-platform-commons/1.1.0/d6aa21029f9cedfb4cc8a9e9efc0bd97987205b8/junit-platform-commons-1.1.0.jar:/home/jmoore/.gradle/caches/modules-2/files-2.1/org.apiguardian/apiguardian-api/1.0.0/3ef5276905e36f4d8055fe3cb0bdcc7503ffc85d/apiguardian-api-1.0.0.jar:/home/jmoore/.gradle/caches/modules-2/files-2.1/org.opentest4j/opentest4j/1.0.0/6f09c598e9ff64bf0ce2fa7e7de49a99ba83c0b4/opentest4j-1.0.0.jar:/home/jmoore/.gradle/caches/modules-2/files-2.1/net.bytebuddy/byte-buddy/1.9.0/8cb0d5baae526c9df46ae17693bbba302640538b/byte-buddy-1.9.0.jar:/home/jmoore/.gradle/caches/modules-2/files-2.1/net.bytebuddy/byte-buddy-agent/1.9.0/37b5703b4a6290be3fffc63ae9c6bcaaee0ff856/byte-buddy-agent-1.9.0.jar:/home/jmoore/.gradle/caches/modules-2/files-2.1/org.objenesis/objenesis/2.6/639033469776fd37c08358c6b92a4761feb2af4b/objenesis-2.6.jar:/home/jmoore/.gradle/caches/modules-2/files-2.1/org.junit.platform/junit-platform-console/1.1.0/1ea376db54ab4ec0018c5e99d414e1c7c034387/junit-platform-console-1.1.0.jar"/>
<property name="java.class.version" value="52.0"/>
<property name="java.endorsed.dirs" value="/usr/lib/jvm/java-8-openjdk-amd64/jre/lib/endorsed"/>
<property name="java.ext.dirs" value="/usr/lib/jvm/java-8-openjdk-amd64/jre/lib/ext:/usr/java/packages/lib/ext"/>
<property name="java.home" value="/usr/lib/jvm/java-8-openjdk-amd64/jre"/>
<property name="java.io.tmpdir" value="/tmp"/>
<property name="java.library.path" value="/usr/java/packages/lib/amd64:/usr/lib/x86_64-linux-gnu/jni:/lib/x86_64-linux-gnu:/usr/lib/x86_64-linux-gnu:/usr/lib/jni:/lib:/usr/lib"/>
<property name="java.runtime.name" value="OpenJDK Runtime Environment"/>
<property name="java.runtime.version" value="1.8.0_181-8u181-b13-0ubuntu0.16.04.1-b13"/>
<property name="java.specification.name" value="Java Platform API Specification"/>
<property name="java.specification.vendor" value="Oracle Corporation"/>
<property name="java.specification.version" value="1.8"/>
<property name="java.vendor" value="Oracle Corporation"/>
<property name="java.vendor.url" value="http://java.oracle.com/"/>
<property name="java.vendor.url.bug" value="http://bugreport.sun.com/bugreport/"/>
<property name="java.version" value="1.8.0_181"/>
<property name="java.vm.info" value="mixed mode"/>
<property name="java.vm.name" value="OpenJDK 64-Bit Server VM"/>
<property name="java.vm.specification.name" value="Java Virtual Machine Specification"/>
<property name="java.vm.specification.vendor" value="Oracle Corporation"/>
<property name="java.vm.specification.version" value="1.8"/>
<property name="java.vm.vendor" value="Oracle Corporation"/>
<property name="java.vm.version" value="25.181-b13"/>
<property name="line.separator" value="
"/>
<property name="os.arch" value="amd64"/>
<property name="os.name" value="Linux"/>
<property name="os.version" value="4.15.0-36-generic"/>
<property name="path.separator" value=":"/>
<property name="sun.arch.data.model" value="64"/>
<property name="sun.boot.class.path" value="/usr/lib/jvm/java-8-openjdk-amd64/jre/lib/resources.jar:/usr/lib/jvm/java-8-openjdk-amd64/jre/lib/rt.jar:/usr/lib/jvm/java-8-openjdk-amd64/jre/lib/sunrsasign.jar:/usr/lib/jvm/java-8-openjdk-amd64/jre/lib/jsse.jar:/usr/lib/jvm/java-8-openjdk-amd64/jre/lib/jce.jar:/usr/lib/jvm/java-8-openjdk-amd64/jre/lib/charsets.jar:/usr/lib/jvm/java-8-openjdk-amd64/jre/lib/jfr.jar:/usr/lib/jvm/java-8-openjdk-amd64/jre/classes"/>
<property name="sun.boot.library.path" value="/usr/lib/jvm/java-8-openjdk-amd64/jre/lib/amd64"/>
<property name="sun.cpu.endian" value="little"/>
<property name="sun.cpu.isalist" value=""/>
<property name="sun.io.unicode.encoding" value="UnicodeLittle"/>
<property name="sun.java.command" value="org.junit.platform.console.ConsoleLauncher --details NONE --scan-class-path /home/jmoore/projects/safety-monitoring/build/classes/java/main:/home/jmoore/projects/safety-monitoring/build/resources/main:/home/jmoore/projects/safety-monitoring/build/classes/java/test:/home/jmoore/projects/safety-monitoring/build/resources/test -n ^.*Tests?$ --reports-dir /home/jmoore/projects/safety-monitoring/build/test-results/junit-platform"/>
<property name="sun.java.launcher" value="SUN_STANDARD"/>
<property name="sun.jnu.encoding" value="UTF-8"/>
<property name="sun.management.compiler" value="HotSpot 64-Bit Tiered Compilers"/>
<property name="sun.os.patch.level" value="unknown"/>
<property name="user.country" value="US"/>
<property name="user.dir" value="/home/jmoore/projects/safety-monitoring"/>
<property name="user.home" value="/home/jmoore"/>
<property name="user.language" value="en"/>
<property name="user.name" value="jmoore"/>
<property name="user.timezone" value="America/Chicago"/>
<property name="user.variant" value=""/>
</properties>
<system-out><![CDATA[
unique-id: [engine:junit-vintage]
display-name: JUnit Vintage
]]></system-out>
</testsuite>
